.local-build/app/outputs/mapping/release/seeds.txt
androidx.appcompat.widget.ViewStubCompat
androidx.navigation.NavGraphNavigator
androidx.appcompat.widget.AlertDialogLayout
androidx.lifecycle.SavedStateHandlesVM
androidx.compose.foundation.layout.IntrinsicWidthElement
com.google.mlkit.common.internal.CommonComponentRegistrar
androidx.compose.ui.input.pointer.PointerHoverIconModifierElement
android.support.v4.app.RemoteActionCompatParcelizer
androidx.appcompat.widget.FitWindowsLinearLayout
com.google.android.gms.common.annotation.KeepName
androidx.camera.core.impl.MetadataHolderService
androidx.compose.foundation.ScrollSemanticsElement
com.google.android.gms.dynamite.DynamiteModule$DynamiteLoaderClassLoader
com.google.android.gms.common.util.DynamiteApi
androidx.camera.camera2.Camera2Config$DefaultProvider
androidx.compose.foundation.lazy.layout.TraversablePrefetchStateModifierElement
androidx.versionedparcelable.ParcelImpl
androidx.compose.foundation.ClickableElement
androidx.compose.foundation.FocusableKt$FocusableInNonTouchModeElement$1
com.google.android.gms.common.ErrorDialogFragment
androidx.profileinstaller.ProfileInstallerInitializer
okhttp3.internal.publicsuffix.PublicSuffixDatabase
androidx.core.app.RemoteActionCompat
com.google.android.gms.common.api.internal.zzd
com.google.android.gms.common.SupportErrorDialogFragment
androidx.compose.foundation.lazy.layout.LazyLayoutItemAnimator$DisplayingDisappearingItemsElement
androidx.lifecycle.ProcessLifecycleOwner$attach$1$onActivityPreCreated$1
androidx.lifecycle.ReportFragment
androidx.compose.ui.semantics.AppendedSemanticsElement
com.example.usagi_tienda_app.data.remote.ApiService
androidx.navigation.compose.ComposeNavGraphNavigator
androidx.compose.foundation.BorderModifierNodeElement
androidx.appcompat.app.AlertController$RecycleListView
androidx.appcompat.widget.ActionMenuView
androidx.compose.ui.platform.AndroidComposeView$bringIntoViewNode$1
androidx.compose.ui.draw.DrawWithContentElement
androidx.appcompat.widget.Toolbar
com.google.android.datatransport.cct.CctBackendFactory
androidx.appcompat.view.menu.ExpandedMenuView
androidx.compose.ui.focus.FocusChangedElement
com.google.android.gms.common.internal.ReflectedParcelable
androidx.fragment.app.DialogFragment
androidx.loader.app.LoaderManagerImpl$LoaderViewModel
androidx.compose.foundation.layout.LayoutWeightElement
androidx.lifecycle.LifecycleDispatcher$DispatcherActivityCallback
androidx.navigation.compose.BackStackEntryIdViewModel
androidx.appcompat.widget.SearchView
com.example.usagi_tienda_app.MainActivity
androidx.navigation.compose.ComposeNavigator
androidx.profileinstaller.ProfileInstallReceiver
com.google.android.gms.common.api.GoogleApiActivity
androidx.navigation.ActivityNavigator
androidx.graphics.path.PathIteratorPreApi34Impl
com.google.android.gms.auth.api.signin.GoogleSignInAccount
androidx.navigation.NavControllerViewModel
androidx.compose.foundation.text.modifiers.TextStringSimpleElement
androidx.compose.foundation.layout.FillElement
androidx.appcompat.widget.DialogTitle
androidx.compose.foundation.layout.AlignmentLineOffsetDpElement
androidx.compose.ui.semantics.EmptySemanticsElement
androidx.compose.foundation.layout.HorizontalAlignElement
androidx.appcompat.widget.FitWindowsFrameLayout
androidx.navigation.NavBackStackEntry$SavedStateViewModel
androidx.compose.foundation.layout.WrapContentElement
androidx.compose.foundation.text.handwriting.StylusHandwritingElementWithNegativePadding
androidx.lifecycle.LegacySavedStateHandleController$OnRecreation
com.google.android.datatransport.runtime.scheduling.jobscheduling.JobInfoSchedulerService
com.google.android.gms.common.api.internal.BasePendingResult
androidx.core.graphics.drawable.IconCompat
androidx.compose.foundation.gestures.DraggableElement
com.google.mlkit.vision.barcode.bundled.internal.ThickBarcodeScannerCreator
androidx.appcompat.widget.ButtonBarLayout
androidx.compose.foundation.lazy.layout.LazyLayoutSemanticsModifier
androidx.compose.foundation.layout.PaddingElement